mode: set
DailyCopyCode/coding-interviews/75_120.go:3.45,7.17 3 1
DailyCopyCode/coding-interviews/75_120.go:7.17,9.3 1 1
DailyCopyCode/coding-interviews/75_120.go:10.2,11.20 2 1
DailyCopyCode/coding-interviews/75_120.go:11.20,14.28 3 1
DailyCopyCode/coding-interviews/75_120.go:14.28,16.27 2 1
DailyCopyCode/coding-interviews/75_120.go:16.27,18.5 1 1
DailyCopyCode/coding-interviews/75_120.go:19.4,19.28 1 1
DailyCopyCode/coding-interviews/75_120.go:19.28,21.5 1 1
DailyCopyCode/coding-interviews/75_120.go:23.3,24.20 2 1
DailyCopyCode/coding-interviews/75_120.go:26.2,26.12 1 1
